TN:
SF:controllers\authController.js
FN:8,(anonymous_0)
FN:41,(anonymous_1)
FN:45,(anonymous_2)
FN:56,(anonymous_3)
FNF:4
FNH:4
FNDA:3,(anonymous_0)
FNDA:2,(anonymous_1)
FNDA:3,(anonymous_2)
FNDA:1,(anonymous_3)
DA:1,1
DA:2,1
DA:3,1
DA:4,1
DA:6,1
DA:8,1
DA:9,3
DA:11,3
DA:12,1
DA:14,2
DA:16,2
DA:17,2
DA:18,1
DA:21,1
DA:24,1
DA:33,1
DA:34,1
DA:36,0
DA:37,0
DA:41,1
DA:42,2
DA:45,3
DA:47,2
DA:49,1
DA:50,1
DA:52,1
DA:56,1
DA:58,1
DA:61,1
LF:29
LH:27
BRDA:11,0,0,1
BRDA:11,0,1,2
BRDA:17,1,0,1
BRDA:17,1,1,1
BRDA:45,2,0,3
BRDA:45,2,1,1
BRDA:47,3,0,1
BRDA:47,3,1,1
BRF:8
BRH:8
end_of_record
TN:
SF:controllers\dataController.js
FN:8,(anonymous_0)
FN:17,(anonymous_1)
FN:27,(anonymous_2)
FN:42,(anonymous_3)
FN:52,(anonymous_4)
FN:61,(anonymous_5)
FN:71,(anonymous_6)
FN:86,(anonymous_7)
FN:96,(anonymous_8)
FN:105,(anonymous_9)
FN:115,(anonymous_10)
FN:130,(anonymous_11)
FNF:12
FNH:12
FNDA:1,(anonymous_0)
FNDA:1,(anonymous_1)
FNDA:1,(anonymous_2)
FNDA:2,(anonymous_3)
FNDA:1,(anonymous_4)
FNDA:1,(anonymous_5)
FNDA:1,(anonymous_6)
FNDA:1,(anonymous_7)
FNDA:1,(anonymous_8)
FNDA:1,(anonymous_9)
FNDA:1,(anonymous_10)
FNDA:2,(anonymous_11)
DA:1,1
DA:2,1
DA:3,1
DA:5,1
DA:8,1
DA:9,1
DA:10,1
DA:11,1
DA:13,0
DA:17,1
DA:18,1
DA:19,1
DA:20,1
DA:21,1
DA:23,0
DA:27,1
DA:28,1
DA:34,1
DA:35,1
DA:36,1
DA:38,0
DA:42,1
DA:43,2
DA:44,2
DA:45,1
DA:47,1
DA:52,1
DA:53,1
DA:54,1
DA:55,1
DA:57,0
DA:61,1
DA:62,1
DA:63,1
DA:64,1
DA:65,1
DA:67,0
DA:71,1
DA:72,1
DA:78,1
DA:79,1
DA:80,1
DA:82,0
DA:86,1
DA:87,1
DA:88,1
DA:89,1
DA:91,0
DA:96,1
DA:97,1
DA:98,1
DA:99,1
DA:101,0
DA:105,1
DA:106,1
DA:107,1
DA:108,1
DA:109,1
DA:111,0
DA:115,1
DA:116,1
DA:122,1
DA:123,1
DA:124,1
DA:126,0
DA:130,1
DA:131,2
DA:132,2
DA:133,1
DA:135,1
DA:139,1
LF:71
LH:61
BRF:0
BRH:0
end_of_record
TN:
SF:models\calorieModel.js
FNF:0
FNH:0
DA:2,1
DA:4,1
DA:10,1
DA:12,1
LF:4
LH:4
BRF:0
BRH:0
end_of_record
TN:
SF:models\userModel.js
FNF:0
FNH:0
DA:1,1
DA:3,1
DA:12,1
DA:14,1
LF:4
LH:4
BRF:0
BRH:0
end_of_record
TN:
SF:models\waterModel.js
FNF:0
FNH:0
DA:2,1
DA:4,1
DA:10,1
DA:12,1
LF:4
LH:4
BRF:0
BRH:0
end_of_record
TN:
SF:models\weightModel.js
FNF:0
FNH:0
DA:2,1
DA:4,1
DA:10,1
DA:12,1
LF:4
LH:4
BRF:0
BRH:0
end_of_record
